<?xml version="1.0" encoding="UTF-8"?>
<coverage generated="1687551908169" clover="3.2.0">
  <project timestamp="1687551908169" name="All files">
    <metrics statements="11" coveredstatements="11" conditionals="4" coveredconditionals="2" methods="4" coveredmethods="4" elements="19" coveredelements="17" complexity="0" loc="11" ncloc="11" packages="1" files="2" classes="2"/>
    <file name="db.js" path="C:\Users\lenov\Desktop\Etudes\SR10\Projet\myapp\model\db.js">
      <metrics statements="3" coveredstatements="3" conditionals="0" coveredconditionals="0" methods="0" coveredmethods="0"/>
      <line num="1" count="1" type="stmt"/>
      <line num="2" count="1" type="stmt"/>
      <line num="7" count="1" type="stmt"/>
    </file>
    <file name="ficheModel.js" path="C:\Users\lenov\Desktop\Etudes\SR10\Projet\myapp\model\ficheModel.js">
      <metrics statements="8" coveredstatements="8" conditionals="4" coveredconditionals="2" methods="4" coveredmethods="4"/>
      <line num="1" count="1" type="stmt"/>
      <line num="2" count="1" type="stmt"/>
      <line num="4" count="1" type="stmt"/>
      <line num="6" count="1" type="cond" truecount="1" falsecount="1"/>
      <line num="7" count="1" type="stmt"/>
      <line num="13" count="1" type="stmt"/>
      <line num="15" count="1" type="cond" truecount="1" falsecount="1"/>
      <line num="16" count="1" type="stmt"/>
    </file>
  </project>
</coverage>
