{"C:\\Users\\lenov\\Desktop\\Etudes\\SR10\\Projet\\myapp\\model\\db.js": {"path":"C:\\Users\\lenov\\Desktop\\Etudes\\SR10\\Projet\\myapp\\model\\db.js","statementMap":{"0":{"start":{"line":1,"column":12},"end":{"line":1,"column":28}},"1":{"start":{"line":2,"column":11},"end":{"line":6,"column":27}},"2":{"start":{"line":7,"column":0},"end":{"line":7,"column":22}}},"fnMap":{},"branchMap":{},"s":{"0":1,"1":1,"2":1},"f":{},"b":{},"_coverageSchema":"1a1c01bbd47fc00a2c39e90264f33305004495a9","hash":"1fa58d60d1ddeb3479ddf055820434332f142679"}
,"C:\\Users\\lenov\\Desktop\\Etudes\\SR10\\Projet\\myapp\\model\\ficheModel.js": {"path":"C:\\Users\\lenov\\Desktop\\Etudes\\SR10\\Projet\\myapp\\model\\ficheModel.js","statementMap":{"0":{"start":{"line":1,"column":9},"end":{"line":1,"column":27}},"1":{"start":{"line":2,"column":0},"end":{"line":20,"column":1}},"2":{"start":{"line":4,"column":8},"end":{"line":9,"column":10}},"3":{"start":{"line":6,"column":12},"end":{"line":6,"column":31}},"4":{"start":{"line":6,"column":21},"end":{"line":6,"column":31}},"5":{"start":{"line":7,"column":12},"end":{"line":7,"column":30}},"6":{"start":{"line":13,"column":8},"end":{"line":18,"column":10}},"7":{"start":{"line":15,"column":16},"end":{"line":15,"column":35}},"8":{"start":{"line":15,"column":25},"end":{"line":15,"column":35}},"9":{"start":{"line":16,"column":16},"end":{"line":16,"column":34}}},"fnMap":{"0":{"name":"(anonymous_0)","decl":{"start":{"line":3,"column":10},"end":{"line":3,"column":11}},"loc":{"start":{"line":3,"column":38},"end":{"line":10,"column":5}},"line":3},"1":{"name":"(anonymous_1)","decl":{"start":{"line":5,"column":67},"end":{"line":5,"column":68}},"loc":{"start":{"line":5,"column":91},"end":{"line":8,"column":13}},"line":5},"2":{"name":"(anonymous_2)","decl":{"start":{"line":12,"column":13},"end":{"line":12,"column":14}},"loc":{"start":{"line":12,"column":33},"end":{"line":19,"column":5}},"line":12},"3":{"name":"(anonymous_3)","decl":{"start":{"line":14,"column":44},"end":{"line":14,"column":45}},"loc":{"start":{"line":14,"column":68},"end":{"line":17,"column":13}},"line":14}},"branchMap":{"0":{"loc":{"start":{"line":6,"column":12},"end":{"line":6,"column":31}},"type":"if","locations":[{"start":{"line":6,"column":12},"end":{"line":6,"column":31}},{"start":{},"end":{}}],"line":6},"1":{"loc":{"start":{"line":15,"column":16},"end":{"line":15,"column":35}},"type":"if","locations":[{"start":{"line":15,"column":16},"end":{"line":15,"column":35}},{"start":{},"end":{}}],"line":15}},"s":{"0":1,"1":1,"2":1,"3":1,"4":0,"5":1,"6":1,"7":1,"8":0,"9":1},"f":{"0":1,"1":1,"2":1,"3":1},"b":{"0":[0,1],"1":[0,1]},"_coverageSchema":"1a1c01bbd47fc00a2c39e90264f33305004495a9","hash":"6ba4a1822569c2513151f9aab13f7e5959e8af49"}
}
